<?xml version="1.0" encoding="UTF-8"?>
<testsuites name="jest tests" tests="16" failures="10" errors="0" time="1.947">
  <testsuite name="Navbar Component" errors="0" failures="10" skipped="0" timestamp="2024-08-14T19:32:15" time="1.452" tests="16">
    <testcase classname="Navbar Component renders text &quot;Home&quot; in Home link" name="Navbar Component renders text &quot;Home&quot; in Home link" time="0.028">
    </testcase>
    <testcase classname="Navbar Component renders text &quot;Cart&quot; in Cart link" name="Navbar Component renders text &quot;Cart&quot; in Cart link" time="0.009">
    </testcase>
    <testcase classname="Navbar Component Home link redirects to Home page" name="Navbar Component Home link redirects to Home page" time="0.005">
    </testcase>
    <testcase classname="Navbar Component Cart link redirects to Cart page" name="Navbar Component Cart link redirects to Cart page" time="0.004">
    </testcase>
    <testcase classname="Home Component displays the correct product details on rendering home page" name="Home Component displays the correct product details on rendering home page" time="0.099">
      <failure>TypeError: Cannot read properties of undefined (reading &apos;map&apos;)
    at Home (/home/gabrielbraz/hackerrank/f34274df-52bb-497e-a9f5-c4efc4649024/src/components/Home/index.js:39:43)
    at renderWithHooks (/home/gabrielbraz/hackerrank/f34274df-52bb-497e-a9f5-c4efc4649024/node_modules/react-dom/cjs/react-dom.development.js:15486:18)
    at mountIndeterminateComponent (/home/gabrielbraz/hackerrank/f34274df-52bb-497e-a9f5-c4efc4649024/node_modules/react-dom/cjs/react-dom.development.js:20103:13)
    at beginWork (/home/gabrielbraz/hackerrank/f34274df-52bb-497e-a9f5-c4efc4649024/node_modules/react-dom/cjs/react-dom.development.js:21626:16)
    at beginWork$1 (/home/gabrielbraz/hackerrank/f34274df-52bb-497e-a9f5-c4efc4649024/node_modules/react-dom/cjs/react-dom.development.js:27465:14)
    at performUnitOfWork (/home/gabrielbraz/hackerrank/f34274df-52bb-497e-a9f5-c4efc4649024/node_modules/react-dom/cjs/react-dom.development.js:26599:12)
    at workLoopSync (/home/gabrielbraz/hackerrank/f34274df-52bb-497e-a9f5-c4efc4649024/node_modules/react-dom/cjs/react-dom.development.js:26505:5)
    at renderRootSync (/home/gabrielbraz/hackerrank/f34274df-52bb-497e-a9f5-c4efc4649024/node_modules/react-dom/cjs/react-dom.development.js:26473:7)
    at recoverFromConcurrentError (/home/gabrielbraz/hackerrank/f34274df-52bb-497e-a9f5-c4efc4649024/node_modules/react-dom/cjs/react-dom.development.js:25889:20)
    at performConcurrentWorkOnRoot (/home/gabrielbraz/hackerrank/f34274df-52bb-497e-a9f5-c4efc4649024/node_modules/react-dom/cjs/react-dom.development.js:25789:22)
    at flushActQueue (/home/gabrielbraz/hackerrank/f34274df-52bb-497e-a9f5-c4efc4649024/node_modules/react/cjs/react.development.js:2667:24)
    at act (/home/gabrielbraz/hackerrank/f34274df-52bb-497e-a9f5-c4efc4649024/node_modules/react/cjs/react.development.js:2582:11)
    at /home/gabrielbraz/hackerrank/f34274df-52bb-497e-a9f5-c4efc4649024/node_modules/@testing-library/react/dist/act-compat.js:47:25
    at renderRoot (/home/gabrielbraz/hackerrank/f34274df-52bb-497e-a9f5-c4efc4649024/node_modules/@testing-library/react/dist/pure.js:180:26)
    at render (/home/gabrielbraz/hackerrank/f34274df-52bb-497e-a9f5-c4efc4649024/node_modules/@testing-library/react/dist/pure.js:271:10)
    at Object.&lt;anonymous&gt; (/home/gabrielbraz/hackerrank/f34274df-52bb-497e-a9f5-c4efc4649024/src/App.test.js:48:15)
    at Promise.then.completed (/home/gabrielbraz/hackerrank/f34274df-52bb-497e-a9f5-c4efc4649024/node_modules/jest-circus/build/utils.js:391:28)
    at new Promise (&lt;anonymous&gt;)
    at callAsyncCircusFn (/home/gabrielbraz/hackerrank/f34274df-52bb-497e-a9f5-c4efc4649024/node_modules/jest-circus/build/utils.js:316:10)
    at _callCircusTest (/home/gabrielbraz/hackerrank/f34274df-52bb-497e-a9f5-c4efc4649024/node_modules/jest-circus/build/run.js:218:40)
    at processTicksAndRejections (node:internal/process/task_queues:95:5)
    at _runTest (/home/gabrielbraz/hackerrank/f34274df-52bb-497e-a9f5-c4efc4649024/node_modules/jest-circus/build/run.js:155:3)
    at _runTestsForDescribeBlock (/home/gabrielbraz/hackerrank/f34274df-52bb-497e-a9f5-c4efc4649024/node_modules/jest-circus/build/run.js:66:9)
    at _runTestsForDescribeBlock (/home/gabrielbraz/hackerrank/f34274df-52bb-497e-a9f5-c4efc4649024/node_modules/jest-circus/build/run.js:60:9)
    at run (/home/gabrielbraz/hackerrank/f34274df-52bb-497e-a9f5-c4efc4649024/node_modules/jest-circus/build/run.js:25:3)
    at runAndTransformResultsToJestFormat (/home/gabrielbraz/hackerrank/f34274df-52bb-497e-a9f5-c4efc4649024/node_modules/jest-circus/build/legacy-code-todo-rewrite/jestAdapterInit.js:170:21)
    at jestAdapter (/home/gabrielbraz/hackerrank/f34274df-52bb-497e-a9f5-c4efc4649024/node_modules/jest-circus/build/legacy-code-todo-rewrite/jestAdapter.js:82:19)
    at runTestInternal (/home/gabrielbraz/hackerrank/f34274df-52bb-497e-a9f5-c4efc4649024/node_modules/jest-runner/build/runTest.js:389:16)
    at runTest (/home/gabrielbraz/hackerrank/f34274df-52bb-497e-a9f5-c4efc4649024/node_modules/jest-runner/build/runTest.js:475:34)
    at TestRunner.runTests (/home/gabrielbraz/hackerrank/f34274df-52bb-497e-a9f5-c4efc4649024/node_modules/jest-runner/build/index.js:101:12)
    at TestScheduler.scheduleTests (/home/gabrielbraz/hackerrank/f34274df-52bb-497e-a9f5-c4efc4649024/node_modules/@jest/core/build/TestScheduler.js:333:13)
    at runJest (/home/gabrielbraz/hackerrank/f34274df-52bb-497e-a9f5-c4efc4649024/node_modules/@jest/core/build/runJest.js:404:19)
    at _run10000 (/home/gabrielbraz/hackerrank/f34274df-52bb-497e-a9f5-c4efc4649024/node_modules/@jest/core/build/cli/index.js:320:7)
    at runCLI (/home/gabrielbraz/hackerrank/f34274df-52bb-497e-a9f5-c4efc4649024/node_modules/@jest/core/build/cli/index.js:173:3)
    at Object.run (/home/gabrielbraz/hackerrank/f34274df-52bb-497e-a9f5-c4efc4649024/node_modules/jest-cli/build/cli/index.js:155:37)</failure>
    </testcase>
    <testcase classname="Home Component displays &quot;Add to cart&quot; button for each product" name="Home Component displays &quot;Add to cart&quot; button for each product" time="0.052">
      <failure>TypeError: Cannot read properties of undefined (reading &apos;map&apos;)
    at Home (/home/gabrielbraz/hackerrank/f34274df-52bb-497e-a9f5-c4efc4649024/src/components/Home/index.js:39:43)
    at renderWithHooks (/home/gabrielbraz/hackerrank/f34274df-52bb-497e-a9f5-c4efc4649024/node_modules/react-dom/cjs/react-dom.development.js:15486:18)
    at mountIndeterminateComponent (/home/gabrielbraz/hackerrank/f34274df-52bb-497e-a9f5-c4efc4649024/node_modules/react-dom/cjs/react-dom.development.js:20103:13)
    at beginWork (/home/gabrielbraz/hackerrank/f34274df-52bb-497e-a9f5-c4efc4649024/node_modules/react-dom/cjs/react-dom.development.js:21626:16)
    at beginWork$1 (/home/gabrielbraz/hackerrank/f34274df-52bb-497e-a9f5-c4efc4649024/node_modules/react-dom/cjs/react-dom.development.js:27465:14)
    at performUnitOfWork (/home/gabrielbraz/hackerrank/f34274df-52bb-497e-a9f5-c4efc4649024/node_modules/react-dom/cjs/react-dom.development.js:26599:12)
    at workLoopSync (/home/gabrielbraz/hackerrank/f34274df-52bb-497e-a9f5-c4efc4649024/node_modules/react-dom/cjs/react-dom.development.js:26505:5)
    at renderRootSync (/home/gabrielbraz/hackerrank/f34274df-52bb-497e-a9f5-c4efc4649024/node_modules/react-dom/cjs/react-dom.development.js:26473:7)
    at recoverFromConcurrentError (/home/gabrielbraz/hackerrank/f34274df-52bb-497e-a9f5-c4efc4649024/node_modules/react-dom/cjs/react-dom.development.js:25889:20)
    at performConcurrentWorkOnRoot (/home/gabrielbraz/hackerrank/f34274df-52bb-497e-a9f5-c4efc4649024/node_modules/react-dom/cjs/react-dom.development.js:25789:22)
    at flushActQueue (/home/gabrielbraz/hackerrank/f34274df-52bb-497e-a9f5-c4efc4649024/node_modules/react/cjs/react.development.js:2667:24)
    at act (/home/gabrielbraz/hackerrank/f34274df-52bb-497e-a9f5-c4efc4649024/node_modules/react/cjs/react.development.js:2582:11)
    at /home/gabrielbraz/hackerrank/f34274df-52bb-497e-a9f5-c4efc4649024/node_modules/@testing-library/react/dist/act-compat.js:47:25
    at renderRoot (/home/gabrielbraz/hackerrank/f34274df-52bb-497e-a9f5-c4efc4649024/node_modules/@testing-library/react/dist/pure.js:180:26)
    at render (/home/gabrielbraz/hackerrank/f34274df-52bb-497e-a9f5-c4efc4649024/node_modules/@testing-library/react/dist/pure.js:271:10)
    at Object.&lt;anonymous&gt; (/home/gabrielbraz/hackerrank/f34274df-52bb-497e-a9f5-c4efc4649024/src/App.test.js:58:15)
    at Promise.then.completed (/home/gabrielbraz/hackerrank/f34274df-52bb-497e-a9f5-c4efc4649024/node_modules/jest-circus/build/utils.js:391:28)
    at new Promise (&lt;anonymous&gt;)
    at callAsyncCircusFn (/home/gabrielbraz/hackerrank/f34274df-52bb-497e-a9f5-c4efc4649024/node_modules/jest-circus/build/utils.js:316:10)
    at _callCircusTest (/home/gabrielbraz/hackerrank/f34274df-52bb-497e-a9f5-c4efc4649024/node_modules/jest-circus/build/run.js:218:40)
    at processTicksAndRejections (node:internal/process/task_queues:95:5)
    at _runTest (/home/gabrielbraz/hackerrank/f34274df-52bb-497e-a9f5-c4efc4649024/node_modules/jest-circus/build/run.js:155:3)
    at _runTestsForDescribeBlock (/home/gabrielbraz/hackerrank/f34274df-52bb-497e-a9f5-c4efc4649024/node_modules/jest-circus/build/run.js:66:9)
    at _runTestsForDescribeBlock (/home/gabrielbraz/hackerrank/f34274df-52bb-497e-a9f5-c4efc4649024/node_modules/jest-circus/build/run.js:60:9)
    at run (/home/gabrielbraz/hackerrank/f34274df-52bb-497e-a9f5-c4efc4649024/node_modules/jest-circus/build/run.js:25:3)
    at runAndTransformResultsToJestFormat (/home/gabrielbraz/hackerrank/f34274df-52bb-497e-a9f5-c4efc4649024/node_modules/jest-circus/build/legacy-code-todo-rewrite/jestAdapterInit.js:170:21)
    at jestAdapter (/home/gabrielbraz/hackerrank/f34274df-52bb-497e-a9f5-c4efc4649024/node_modules/jest-circus/build/legacy-code-todo-rewrite/jestAdapter.js:82:19)
    at runTestInternal (/home/gabrielbraz/hackerrank/f34274df-52bb-497e-a9f5-c4efc4649024/node_modules/jest-runner/build/runTest.js:389:16)
    at runTest (/home/gabrielbraz/hackerrank/f34274df-52bb-497e-a9f5-c4efc4649024/node_modules/jest-runner/build/runTest.js:475:34)
    at TestRunner.runTests (/home/gabrielbraz/hackerrank/f34274df-52bb-497e-a9f5-c4efc4649024/node_modules/jest-runner/build/index.js:101:12)
    at TestScheduler.scheduleTests (/home/gabrielbraz/hackerrank/f34274df-52bb-497e-a9f5-c4efc4649024/node_modules/@jest/core/build/TestScheduler.js:333:13)
    at runJest (/home/gabrielbraz/hackerrank/f34274df-52bb-497e-a9f5-c4efc4649024/node_modules/@jest/core/build/runJest.js:404:19)
    at _run10000 (/home/gabrielbraz/hackerrank/f34274df-52bb-497e-a9f5-c4efc4649024/node_modules/@jest/core/build/cli/index.js:320:7)
    at runCLI (/home/gabrielbraz/hackerrank/f34274df-52bb-497e-a9f5-c4efc4649024/node_modules/@jest/core/build/cli/index.js:173:3)
    at Object.run (/home/gabrielbraz/hackerrank/f34274df-52bb-497e-a9f5-c4efc4649024/node_modules/jest-cli/build/cli/index.js:155:37)</failure>
    </testcase>
    <testcase classname="Home Component calls &quot;addToCart&quot; function when &quot;Add to cart&quot; button is clicked" name="Home Component calls &quot;addToCart&quot; function when &quot;Add to cart&quot; button is clicked" time="0.038">
      <failure>TypeError: Cannot read properties of undefined (reading &apos;map&apos;)
    at Home (/home/gabrielbraz/hackerrank/f34274df-52bb-497e-a9f5-c4efc4649024/src/components/Home/index.js:39:43)
    at renderWithHooks (/home/gabrielbraz/hackerrank/f34274df-52bb-497e-a9f5-c4efc4649024/node_modules/react-dom/cjs/react-dom.development.js:15486:18)
    at mountIndeterminateComponent (/home/gabrielbraz/hackerrank/f34274df-52bb-497e-a9f5-c4efc4649024/node_modules/react-dom/cjs/react-dom.development.js:20103:13)
    at beginWork (/home/gabrielbraz/hackerrank/f34274df-52bb-497e-a9f5-c4efc4649024/node_modules/react-dom/cjs/react-dom.development.js:21626:16)
    at beginWork$1 (/home/gabrielbraz/hackerrank/f34274df-52bb-497e-a9f5-c4efc4649024/node_modules/react-dom/cjs/react-dom.development.js:27465:14)
    at performUnitOfWork (/home/gabrielbraz/hackerrank/f34274df-52bb-497e-a9f5-c4efc4649024/node_modules/react-dom/cjs/react-dom.development.js:26599:12)
    at workLoopSync (/home/gabrielbraz/hackerrank/f34274df-52bb-497e-a9f5-c4efc4649024/node_modules/react-dom/cjs/react-dom.development.js:26505:5)
    at renderRootSync (/home/gabrielbraz/hackerrank/f34274df-52bb-497e-a9f5-c4efc4649024/node_modules/react-dom/cjs/react-dom.development.js:26473:7)
    at recoverFromConcurrentError (/home/gabrielbraz/hackerrank/f34274df-52bb-497e-a9f5-c4efc4649024/node_modules/react-dom/cjs/react-dom.development.js:25889:20)
    at performConcurrentWorkOnRoot (/home/gabrielbraz/hackerrank/f34274df-52bb-497e-a9f5-c4efc4649024/node_modules/react-dom/cjs/react-dom.development.js:25789:22)
    at flushActQueue (/home/gabrielbraz/hackerrank/f34274df-52bb-497e-a9f5-c4efc4649024/node_modules/react/cjs/react.development.js:2667:24)
    at act (/home/gabrielbraz/hackerrank/f34274df-52bb-497e-a9f5-c4efc4649024/node_modules/react/cjs/react.development.js:2582:11)
    at /home/gabrielbraz/hackerrank/f34274df-52bb-497e-a9f5-c4efc4649024/node_modules/@testing-library/react/dist/act-compat.js:47:25
    at renderRoot (/home/gabrielbraz/hackerrank/f34274df-52bb-497e-a9f5-c4efc4649024/node_modules/@testing-library/react/dist/pure.js:180:26)
    at render (/home/gabrielbraz/hackerrank/f34274df-52bb-497e-a9f5-c4efc4649024/node_modules/@testing-library/react/dist/pure.js:271:10)
    at Object.&lt;anonymous&gt; (/home/gabrielbraz/hackerrank/f34274df-52bb-497e-a9f5-c4efc4649024/src/App.test.js:67:15)
    at Promise.then.completed (/home/gabrielbraz/hackerrank/f34274df-52bb-497e-a9f5-c4efc4649024/node_modules/jest-circus/build/utils.js:391:28)
    at new Promise (&lt;anonymous&gt;)
    at callAsyncCircusFn (/home/gabrielbraz/hackerrank/f34274df-52bb-497e-a9f5-c4efc4649024/node_modules/jest-circus/build/utils.js:316:10)
    at _callCircusTest (/home/gabrielbraz/hackerrank/f34274df-52bb-497e-a9f5-c4efc4649024/node_modules/jest-circus/build/run.js:218:40)
    at processTicksAndRejections (node:internal/process/task_queues:95:5)
    at _runTest (/home/gabrielbraz/hackerrank/f34274df-52bb-497e-a9f5-c4efc4649024/node_modules/jest-circus/build/run.js:155:3)
    at _runTestsForDescribeBlock (/home/gabrielbraz/hackerrank/f34274df-52bb-497e-a9f5-c4efc4649024/node_modules/jest-circus/build/run.js:66:9)
    at _runTestsForDescribeBlock (/home/gabrielbraz/hackerrank/f34274df-52bb-497e-a9f5-c4efc4649024/node_modules/jest-circus/build/run.js:60:9)
    at run (/home/gabrielbraz/hackerrank/f34274df-52bb-497e-a9f5-c4efc4649024/node_modules/jest-circus/build/run.js:25:3)
    at runAndTransformResultsToJestFormat (/home/gabrielbraz/hackerrank/f34274df-52bb-497e-a9f5-c4efc4649024/node_modules/jest-circus/build/legacy-code-todo-rewrite/jestAdapterInit.js:170:21)
    at jestAdapter (/home/gabrielbraz/hackerrank/f34274df-52bb-497e-a9f5-c4efc4649024/node_modules/jest-circus/build/legacy-code-todo-rewrite/jestAdapter.js:82:19)
    at runTestInternal (/home/gabrielbraz/hackerrank/f34274df-52bb-497e-a9f5-c4efc4649024/node_modules/jest-runner/build/runTest.js:389:16)
    at runTest (/home/gabrielbraz/hackerrank/f34274df-52bb-497e-a9f5-c4efc4649024/node_modules/jest-runner/build/runTest.js:475:34)
    at TestRunner.runTests (/home/gabrielbraz/hackerrank/f34274df-52bb-497e-a9f5-c4efc4649024/node_modules/jest-runner/build/index.js:101:12)
    at TestScheduler.scheduleTests (/home/gabrielbraz/hackerrank/f34274df-52bb-497e-a9f5-c4efc4649024/node_modules/@jest/core/build/TestScheduler.js:333:13)
    at runJest (/home/gabrielbraz/hackerrank/f34274df-52bb-497e-a9f5-c4efc4649024/node_modules/@jest/core/build/runJest.js:404:19)
    at _run10000 (/home/gabrielbraz/hackerrank/f34274df-52bb-497e-a9f5-c4efc4649024/node_modules/@jest/core/build/cli/index.js:320:7)
    at runCLI (/home/gabrielbraz/hackerrank/f34274df-52bb-497e-a9f5-c4efc4649024/node_modules/@jest/core/build/cli/index.js:173:3)
    at Object.run (/home/gabrielbraz/hackerrank/f34274df-52bb-497e-a9f5-c4efc4649024/node_modules/jest-cli/build/cli/index.js:155:37)</failure>
    </testcase>
    <testcase classname="Cart Component displays the cart details correctly" name="Cart Component displays the cart details correctly" time="0.023">
      <failure>Error: expect(element).toHaveTextContent()

Expected element to have text content:
  Product 2
Received:
  Product NameDescriptionCostActionProduct 1This is the first product$9.99Remove from cartTotal: 9.99
    at Object.&lt;anonymous&gt; (/home/gabrielbraz/hackerrank/f34274df-52bb-497e-a9f5-c4efc4649024/src/App.test.js:87:29)
    at Promise.then.completed (/home/gabrielbraz/hackerrank/f34274df-52bb-497e-a9f5-c4efc4649024/node_modules/jest-circus/build/utils.js:391:28)
    at new Promise (&lt;anonymous&gt;)
    at callAsyncCircusFn (/home/gabrielbraz/hackerrank/f34274df-52bb-497e-a9f5-c4efc4649024/node_modules/jest-circus/build/utils.js:316:10)
    at _callCircusTest (/home/gabrielbraz/hackerrank/f34274df-52bb-497e-a9f5-c4efc4649024/node_modules/jest-circus/build/run.js:218:40)
    at processTicksAndRejections (node:internal/process/task_queues:95:5)
    at _runTest (/home/gabrielbraz/hackerrank/f34274df-52bb-497e-a9f5-c4efc4649024/node_modules/jest-circus/build/run.js:155:3)
    at _runTestsForDescribeBlock (/home/gabrielbraz/hackerrank/f34274df-52bb-497e-a9f5-c4efc4649024/node_modules/jest-circus/build/run.js:66:9)
    at _runTestsForDescribeBlock (/home/gabrielbraz/hackerrank/f34274df-52bb-497e-a9f5-c4efc4649024/node_modules/jest-circus/build/run.js:60:9)
    at run (/home/gabrielbraz/hackerrank/f34274df-52bb-497e-a9f5-c4efc4649024/node_modules/jest-circus/build/run.js:25:3)
    at runAndTransformResultsToJestFormat (/home/gabrielbraz/hackerrank/f34274df-52bb-497e-a9f5-c4efc4649024/node_modules/jest-circus/build/legacy-code-todo-rewrite/jestAdapterInit.js:170:21)
    at jestAdapter (/home/gabrielbraz/hackerrank/f34274df-52bb-497e-a9f5-c4efc4649024/node_modules/jest-circus/build/legacy-code-todo-rewrite/jestAdapter.js:82:19)
    at runTestInternal (/home/gabrielbraz/hackerrank/f34274df-52bb-497e-a9f5-c4efc4649024/node_modules/jest-runner/build/runTest.js:389:16)
    at runTest (/home/gabrielbraz/hackerrank/f34274df-52bb-497e-a9f5-c4efc4649024/node_modules/jest-runner/build/runTest.js:475:34)
    at TestRunner.runTests (/home/gabrielbraz/hackerrank/f34274df-52bb-497e-a9f5-c4efc4649024/node_modules/jest-runner/build/index.js:101:12)
    at TestScheduler.scheduleTests (/home/gabrielbraz/hackerrank/f34274df-52bb-497e-a9f5-c4efc4649024/node_modules/@jest/core/build/TestScheduler.js:333:13)
    at runJest (/home/gabrielbraz/hackerrank/f34274df-52bb-497e-a9f5-c4efc4649024/node_modules/@jest/core/build/runJest.js:404:19)
    at _run10000 (/home/gabrielbraz/hackerrank/f34274df-52bb-497e-a9f5-c4efc4649024/node_modules/@jest/core/build/cli/index.js:320:7)
    at runCLI (/home/gabrielbraz/hackerrank/f34274df-52bb-497e-a9f5-c4efc4649024/node_modules/@jest/core/build/cli/index.js:173:3)
    at Object.run (/home/gabrielbraz/hackerrank/f34274df-52bb-497e-a9f5-c4efc4649024/node_modules/jest-cli/build/cli/index.js:155:37)</failure>
    </testcase>
    <testcase classname="Cart Component displays the total cost correctly" name="Cart Component displays the total cost correctly" time="0.019">
      <failure>Error: expect(element).toHaveTextContent()

Expected element to have text content:
  $29.98
Received:
  Total: 9.99
    at Object.&lt;anonymous&gt; (/home/gabrielbraz/hackerrank/f34274df-52bb-497e-a9f5-c4efc4649024/src/App.test.js:96:30)
    at Promise.then.completed (/home/gabrielbraz/hackerrank/f34274df-52bb-497e-a9f5-c4efc4649024/node_modules/jest-circus/build/utils.js:391:28)
    at new Promise (&lt;anonymous&gt;)
    at callAsyncCircusFn (/home/gabrielbraz/hackerrank/f34274df-52bb-497e-a9f5-c4efc4649024/node_modules/jest-circus/build/utils.js:316:10)
    at _callCircusTest (/home/gabrielbraz/hackerrank/f34274df-52bb-497e-a9f5-c4efc4649024/node_modules/jest-circus/build/run.js:218:40)
    at processTicksAndRejections (node:internal/process/task_queues:95:5)
    at _runTest (/home/gabrielbraz/hackerrank/f34274df-52bb-497e-a9f5-c4efc4649024/node_modules/jest-circus/build/run.js:155:3)
    at _runTestsForDescribeBlock (/home/gabrielbraz/hackerrank/f34274df-52bb-497e-a9f5-c4efc4649024/node_modules/jest-circus/build/run.js:66:9)
    at _runTestsForDescribeBlock (/home/gabrielbraz/hackerrank/f34274df-52bb-497e-a9f5-c4efc4649024/node_modules/jest-circus/build/run.js:60:9)
    at run (/home/gabrielbraz/hackerrank/f34274df-52bb-497e-a9f5-c4efc4649024/node_modules/jest-circus/build/run.js:25:3)
    at runAndTransformResultsToJestFormat (/home/gabrielbraz/hackerrank/f34274df-52bb-497e-a9f5-c4efc4649024/node_modules/jest-circus/build/legacy-code-todo-rewrite/jestAdapterInit.js:170:21)
    at jestAdapter (/home/gabrielbraz/hackerrank/f34274df-52bb-497e-a9f5-c4efc4649024/node_modules/jest-circus/build/legacy-code-todo-rewrite/jestAdapter.js:82:19)
    at runTestInternal (/home/gabrielbraz/hackerrank/f34274df-52bb-497e-a9f5-c4efc4649024/node_modules/jest-runner/build/runTest.js:389:16)
    at runTest (/home/gabrielbraz/hackerrank/f34274df-52bb-497e-a9f5-c4efc4649024/node_modules/jest-runner/build/runTest.js:475:34)
    at TestRunner.runTests (/home/gabrielbraz/hackerrank/f34274df-52bb-497e-a9f5-c4efc4649024/node_modules/jest-runner/build/index.js:101:12)
    at TestScheduler.scheduleTests (/home/gabrielbraz/hackerrank/f34274df-52bb-497e-a9f5-c4efc4649024/node_modules/@jest/core/build/TestScheduler.js:333:13)
    at runJest (/home/gabrielbraz/hackerrank/f34274df-52bb-497e-a9f5-c4efc4649024/node_modules/@jest/core/build/runJest.js:404:19)
    at _run10000 (/home/gabrielbraz/hackerrank/f34274df-52bb-497e-a9f5-c4efc4649024/node_modules/@jest/core/build/cli/index.js:320:7)
    at runCLI (/home/gabrielbraz/hackerrank/f34274df-52bb-497e-a9f5-c4efc4649024/node_modules/@jest/core/build/cli/index.js:173:3)
    at Object.run (/home/gabrielbraz/hackerrank/f34274df-52bb-497e-a9f5-c4efc4649024/node_modules/jest-cli/build/cli/index.js:155:37)</failure>
    </testcase>
    <testcase classname="Cart Component removes an item from the cart" name="Cart Component removes an item from the cart" time="0.015">
      <failure>Error: expect(jest.fn()).toHaveBeenCalledWith(...expected)

Expected: 1

Number of calls: 0
    at Object.&lt;anonymous&gt; (/home/gabrielbraz/hackerrank/f34274df-52bb-497e-a9f5-c4efc4649024/src/App.test.js:104:32)
    at Promise.then.completed (/home/gabrielbraz/hackerrank/f34274df-52bb-497e-a9f5-c4efc4649024/node_modules/jest-circus/build/utils.js:391:28)
    at new Promise (&lt;anonymous&gt;)
    at callAsyncCircusFn (/home/gabrielbraz/hackerrank/f34274df-52bb-497e-a9f5-c4efc4649024/node_modules/jest-circus/build/utils.js:316:10)
    at _callCircusTest (/home/gabrielbraz/hackerrank/f34274df-52bb-497e-a9f5-c4efc4649024/node_modules/jest-circus/build/run.js:218:40)
    at processTicksAndRejections (node:internal/process/task_queues:95:5)
    at _runTest (/home/gabrielbraz/hackerrank/f34274df-52bb-497e-a9f5-c4efc4649024/node_modules/jest-circus/build/run.js:155:3)
    at _runTestsForDescribeBlock (/home/gabrielbraz/hackerrank/f34274df-52bb-497e-a9f5-c4efc4649024/node_modules/jest-circus/build/run.js:66:9)
    at _runTestsForDescribeBlock (/home/gabrielbraz/hackerrank/f34274df-52bb-497e-a9f5-c4efc4649024/node_modules/jest-circus/build/run.js:60:9)
    at run (/home/gabrielbraz/hackerrank/f34274df-52bb-497e-a9f5-c4efc4649024/node_modules/jest-circus/build/run.js:25:3)
    at runAndTransformResultsToJestFormat (/home/gabrielbraz/hackerrank/f34274df-52bb-497e-a9f5-c4efc4649024/node_modules/jest-circus/build/legacy-code-todo-rewrite/jestAdapterInit.js:170:21)
    at jestAdapter (/home/gabrielbraz/hackerrank/f34274df-52bb-497e-a9f5-c4efc4649024/node_modules/jest-circus/build/legacy-code-todo-rewrite/jestAdapter.js:82:19)
    at runTestInternal (/home/gabrielbraz/hackerrank/f34274df-52bb-497e-a9f5-c4efc4649024/node_modules/jest-runner/build/runTest.js:389:16)
    at runTest (/home/gabrielbraz/hackerrank/f34274df-52bb-497e-a9f5-c4efc4649024/node_modules/jest-runner/build/runTest.js:475:34)
    at TestRunner.runTests (/home/gabrielbraz/hackerrank/f34274df-52bb-497e-a9f5-c4efc4649024/node_modules/jest-runner/build/index.js:101:12)
    at TestScheduler.scheduleTests (/home/gabrielbraz/hackerrank/f34274df-52bb-497e-a9f5-c4efc4649024/node_modules/@jest/core/build/TestScheduler.js:333:13)
    at runJest (/home/gabrielbraz/hackerrank/f34274df-52bb-497e-a9f5-c4efc4649024/node_modules/@jest/core/build/runJest.js:404:19)
    at _run10000 (/home/gabrielbraz/hackerrank/f34274df-52bb-497e-a9f5-c4efc4649024/node_modules/@jest/core/build/cli/index.js:320:7)
    at runCLI (/home/gabrielbraz/hackerrank/f34274df-52bb-497e-a9f5-c4efc4649024/node_modules/@jest/core/build/cli/index.js:173:3)
    at Object.run (/home/gabrielbraz/hackerrank/f34274df-52bb-497e-a9f5-c4efc4649024/node_modules/jest-cli/build/cli/index.js:155:37)</failure>
    </testcase>
    <testcase classname="Cart Component Check for duplicates when same product is added to cart multiple times" name="Cart Component Check for duplicates when same product is added to cart multiple times" time="0.05">
      <failure>TypeError: Cannot read properties of undefined (reading &apos;map&apos;)
    at Home (/home/gabrielbraz/hackerrank/f34274df-52bb-497e-a9f5-c4efc4649024/src/components/Home/index.js:39:43)
    at renderWithHooks (/home/gabrielbraz/hackerrank/f34274df-52bb-497e-a9f5-c4efc4649024/node_modules/react-dom/cjs/react-dom.development.js:15486:18)
    at mountIndeterminateComponent (/home/gabrielbraz/hackerrank/f34274df-52bb-497e-a9f5-c4efc4649024/node_modules/react-dom/cjs/react-dom.development.js:20103:13)
    at beginWork (/home/gabrielbraz/hackerrank/f34274df-52bb-497e-a9f5-c4efc4649024/node_modules/react-dom/cjs/react-dom.development.js:21626:16)
    at beginWork$1 (/home/gabrielbraz/hackerrank/f34274df-52bb-497e-a9f5-c4efc4649024/node_modules/react-dom/cjs/react-dom.development.js:27465:14)
    at performUnitOfWork (/home/gabrielbraz/hackerrank/f34274df-52bb-497e-a9f5-c4efc4649024/node_modules/react-dom/cjs/react-dom.development.js:26599:12)
    at workLoopSync (/home/gabrielbraz/hackerrank/f34274df-52bb-497e-a9f5-c4efc4649024/node_modules/react-dom/cjs/react-dom.development.js:26505:5)
    at renderRootSync (/home/gabrielbraz/hackerrank/f34274df-52bb-497e-a9f5-c4efc4649024/node_modules/react-dom/cjs/react-dom.development.js:26473:7)
    at recoverFromConcurrentError (/home/gabrielbraz/hackerrank/f34274df-52bb-497e-a9f5-c4efc4649024/node_modules/react-dom/cjs/react-dom.development.js:25889:20)
    at performConcurrentWorkOnRoot (/home/gabrielbraz/hackerrank/f34274df-52bb-497e-a9f5-c4efc4649024/node_modules/react-dom/cjs/react-dom.development.js:25789:22)
    at flushActQueue (/home/gabrielbraz/hackerrank/f34274df-52bb-497e-a9f5-c4efc4649024/node_modules/react/cjs/react.development.js:2667:24)
    at act (/home/gabrielbraz/hackerrank/f34274df-52bb-497e-a9f5-c4efc4649024/node_modules/react/cjs/react.development.js:2582:11)
    at /home/gabrielbraz/hackerrank/f34274df-52bb-497e-a9f5-c4efc4649024/node_modules/@testing-library/react/dist/act-compat.js:47:25
    at renderRoot (/home/gabrielbraz/hackerrank/f34274df-52bb-497e-a9f5-c4efc4649024/node_modules/@testing-library/react/dist/pure.js:180:26)
    at render (/home/gabrielbraz/hackerrank/f34274df-52bb-497e-a9f5-c4efc4649024/node_modules/@testing-library/react/dist/pure.js:271:10)
    at Object.&lt;anonymous&gt; (/home/gabrielbraz/hackerrank/f34274df-52bb-497e-a9f5-c4efc4649024/src/App.test.js:108:15)
    at Promise.then.completed (/home/gabrielbraz/hackerrank/f34274df-52bb-497e-a9f5-c4efc4649024/node_modules/jest-circus/build/utils.js:391:28)
    at new Promise (&lt;anonymous&gt;)
    at callAsyncCircusFn (/home/gabrielbraz/hackerrank/f34274df-52bb-497e-a9f5-c4efc4649024/node_modules/jest-circus/build/utils.js:316:10)
    at _callCircusTest (/home/gabrielbraz/hackerrank/f34274df-52bb-497e-a9f5-c4efc4649024/node_modules/jest-circus/build/run.js:218:40)
    at processTicksAndRejections (node:internal/process/task_queues:95:5)
    at _runTest (/home/gabrielbraz/hackerrank/f34274df-52bb-497e-a9f5-c4efc4649024/node_modules/jest-circus/build/run.js:155:3)
    at _runTestsForDescribeBlock (/home/gabrielbraz/hackerrank/f34274df-52bb-497e-a9f5-c4efc4649024/node_modules/jest-circus/build/run.js:66:9)
    at _runTestsForDescribeBlock (/home/gabrielbraz/hackerrank/f34274df-52bb-497e-a9f5-c4efc4649024/node_modules/jest-circus/build/run.js:60:9)
    at run (/home/gabrielbraz/hackerrank/f34274df-52bb-497e-a9f5-c4efc4649024/node_modules/jest-circus/build/run.js:25:3)
    at runAndTransformResultsToJestFormat (/home/gabrielbraz/hackerrank/f34274df-52bb-497e-a9f5-c4efc4649024/node_modules/jest-circus/build/legacy-code-todo-rewrite/jestAdapterInit.js:170:21)
    at jestAdapter (/home/gabrielbraz/hackerrank/f34274df-52bb-497e-a9f5-c4efc4649024/node_modules/jest-circus/build/legacy-code-todo-rewrite/jestAdapter.js:82:19)
    at runTestInternal (/home/gabrielbraz/hackerrank/f34274df-52bb-497e-a9f5-c4efc4649024/node_modules/jest-runner/build/runTest.js:389:16)
    at runTest (/home/gabrielbraz/hackerrank/f34274df-52bb-497e-a9f5-c4efc4649024/node_modules/jest-runner/build/runTest.js:475:34)
    at TestRunner.runTests (/home/gabrielbraz/hackerrank/f34274df-52bb-497e-a9f5-c4efc4649024/node_modules/jest-runner/build/index.js:101:12)
    at TestScheduler.scheduleTests (/home/gabrielbraz/hackerrank/f34274df-52bb-497e-a9f5-c4efc4649024/node_modules/@jest/core/build/TestScheduler.js:333:13)
    at runJest (/home/gabrielbraz/hackerrank/f34274df-52bb-497e-a9f5-c4efc4649024/node_modules/@jest/core/build/runJest.js:404:19)
    at _run10000 (/home/gabrielbraz/hackerrank/f34274df-52bb-497e-a9f5-c4efc4649024/node_modules/@jest/core/build/cli/index.js:320:7)
    at runCLI (/home/gabrielbraz/hackerrank/f34274df-52bb-497e-a9f5-c4efc4649024/node_modules/@jest/core/build/cli/index.js:173:3)
    at Object.run (/home/gabrielbraz/hackerrank/f34274df-52bb-497e-a9f5-c4efc4649024/node_modules/jest-cli/build/cli/index.js:155:37)</failure>
    </testcase>
    <testcase classname="HackerMart Component renders Navbar" name="HackerMart Component renders Navbar" time="0.052">
      <failure>TypeError: Cannot read properties of undefined (reading &apos;map&apos;)
    at Home (/home/gabrielbraz/hackerrank/f34274df-52bb-497e-a9f5-c4efc4649024/src/components/Home/index.js:39:43)
    at renderWithHooks (/home/gabrielbraz/hackerrank/f34274df-52bb-497e-a9f5-c4efc4649024/node_modules/react-dom/cjs/react-dom.development.js:15486:18)
    at mountIndeterminateComponent (/home/gabrielbraz/hackerrank/f34274df-52bb-497e-a9f5-c4efc4649024/node_modules/react-dom/cjs/react-dom.development.js:20103:13)
    at beginWork (/home/gabrielbraz/hackerrank/f34274df-52bb-497e-a9f5-c4efc4649024/node_modules/react-dom/cjs/react-dom.development.js:21626:16)
    at beginWork$1 (/home/gabrielbraz/hackerrank/f34274df-52bb-497e-a9f5-c4efc4649024/node_modules/react-dom/cjs/react-dom.development.js:27465:14)
    at performUnitOfWork (/home/gabrielbraz/hackerrank/f34274df-52bb-497e-a9f5-c4efc4649024/node_modules/react-dom/cjs/react-dom.development.js:26599:12)
    at workLoopSync (/home/gabrielbraz/hackerrank/f34274df-52bb-497e-a9f5-c4efc4649024/node_modules/react-dom/cjs/react-dom.development.js:26505:5)
    at renderRootSync (/home/gabrielbraz/hackerrank/f34274df-52bb-497e-a9f5-c4efc4649024/node_modules/react-dom/cjs/react-dom.development.js:26473:7)
    at recoverFromConcurrentError (/home/gabrielbraz/hackerrank/f34274df-52bb-497e-a9f5-c4efc4649024/node_modules/react-dom/cjs/react-dom.development.js:25889:20)
    at performConcurrentWorkOnRoot (/home/gabrielbraz/hackerrank/f34274df-52bb-497e-a9f5-c4efc4649024/node_modules/react-dom/cjs/react-dom.development.js:25789:22)
    at flushActQueue (/home/gabrielbraz/hackerrank/f34274df-52bb-497e-a9f5-c4efc4649024/node_modules/react/cjs/react.development.js:2667:24)
    at act (/home/gabrielbraz/hackerrank/f34274df-52bb-497e-a9f5-c4efc4649024/node_modules/react/cjs/react.development.js:2582:11)
    at /home/gabrielbraz/hackerrank/f34274df-52bb-497e-a9f5-c4efc4649024/node_modules/@testing-library/react/dist/act-compat.js:47:25
    at renderRoot (/home/gabrielbraz/hackerrank/f34274df-52bb-497e-a9f5-c4efc4649024/node_modules/@testing-library/react/dist/pure.js:180:26)
    at render (/home/gabrielbraz/hackerrank/f34274df-52bb-497e-a9f5-c4efc4649024/node_modules/@testing-library/react/dist/pure.js:271:10)
    at Object.&lt;anonymous&gt; (/home/gabrielbraz/hackerrank/f34274df-52bb-497e-a9f5-c4efc4649024/src/App.test.js:129:15)
    at Promise.then.completed (/home/gabrielbraz/hackerrank/f34274df-52bb-497e-a9f5-c4efc4649024/node_modules/jest-circus/build/utils.js:391:28)
    at new Promise (&lt;anonymous&gt;)
    at callAsyncCircusFn (/home/gabrielbraz/hackerrank/f34274df-52bb-497e-a9f5-c4efc4649024/node_modules/jest-circus/build/utils.js:316:10)
    at _callCircusTest (/home/gabrielbraz/hackerrank/f34274df-52bb-497e-a9f5-c4efc4649024/node_modules/jest-circus/build/run.js:218:40)
    at processTicksAndRejections (node:internal/process/task_queues:95:5)
    at _runTest (/home/gabrielbraz/hackerrank/f34274df-52bb-497e-a9f5-c4efc4649024/node_modules/jest-circus/build/run.js:155:3)
    at _runTestsForDescribeBlock (/home/gabrielbraz/hackerrank/f34274df-52bb-497e-a9f5-c4efc4649024/node_modules/jest-circus/build/run.js:66:9)
    at _runTestsForDescribeBlock (/home/gabrielbraz/hackerrank/f34274df-52bb-497e-a9f5-c4efc4649024/node_modules/jest-circus/build/run.js:60:9)
    at run (/home/gabrielbraz/hackerrank/f34274df-52bb-497e-a9f5-c4efc4649024/node_modules/jest-circus/build/run.js:25:3)
    at runAndTransformResultsToJestFormat (/home/gabrielbraz/hackerrank/f34274df-52bb-497e-a9f5-c4efc4649024/node_modules/jest-circus/build/legacy-code-todo-rewrite/jestAdapterInit.js:170:21)
    at jestAdapter (/home/gabrielbraz/hackerrank/f34274df-52bb-497e-a9f5-c4efc4649024/node_modules/jest-circus/build/legacy-code-todo-rewrite/jestAdapter.js:82:19)
    at runTestInternal (/home/gabrielbraz/hackerrank/f34274df-52bb-497e-a9f5-c4efc4649024/node_modules/jest-runner/build/runTest.js:389:16)
    at runTest (/home/gabrielbraz/hackerrank/f34274df-52bb-497e-a9f5-c4efc4649024/node_modules/jest-runner/build/runTest.js:475:34)
    at TestRunner.runTests (/home/gabrielbraz/hackerrank/f34274df-52bb-497e-a9f5-c4efc4649024/node_modules/jest-runner/build/index.js:101:12)
    at TestScheduler.scheduleTests (/home/gabrielbraz/hackerrank/f34274df-52bb-497e-a9f5-c4efc4649024/node_modules/@jest/core/build/TestScheduler.js:333:13)
    at runJest (/home/gabrielbraz/hackerrank/f34274df-52bb-497e-a9f5-c4efc4649024/node_modules/@jest/core/build/runJest.js:404:19)
    at _run10000 (/home/gabrielbraz/hackerrank/f34274df-52bb-497e-a9f5-c4efc4649024/node_modules/@jest/core/build/cli/index.js:320:7)
    at runCLI (/home/gabrielbraz/hackerrank/f34274df-52bb-497e-a9f5-c4efc4649024/node_modules/@jest/core/build/cli/index.js:173:3)
    at Object.run (/home/gabrielbraz/hackerrank/f34274df-52bb-497e-a9f5-c4efc4649024/node_modules/jest-cli/build/cli/index.js:155:37)</failure>
    </testcase>
    <testcase classname="HackerMart Component renders Home page when &apos;/&apos; route is clicked" name="HackerMart Component renders Home page when &apos;/&apos; route is clicked" time="0.172">
      <failure>TypeError: Cannot read properties of undefined (reading &apos;map&apos;)
    at Home (/home/gabrielbraz/hackerrank/f34274df-52bb-497e-a9f5-c4efc4649024/src/components/Home/index.js:39:43)
    at renderWithHooks (/home/gabrielbraz/hackerrank/f34274df-52bb-497e-a9f5-c4efc4649024/node_modules/react-dom/cjs/react-dom.development.js:15486:18)
    at mountIndeterminateComponent (/home/gabrielbraz/hackerrank/f34274df-52bb-497e-a9f5-c4efc4649024/node_modules/react-dom/cjs/react-dom.development.js:20103:13)
    at beginWork (/home/gabrielbraz/hackerrank/f34274df-52bb-497e-a9f5-c4efc4649024/node_modules/react-dom/cjs/react-dom.development.js:21626:16)
    at beginWork$1 (/home/gabrielbraz/hackerrank/f34274df-52bb-497e-a9f5-c4efc4649024/node_modules/react-dom/cjs/react-dom.development.js:27465:14)
    at performUnitOfWork (/home/gabrielbraz/hackerrank/f34274df-52bb-497e-a9f5-c4efc4649024/node_modules/react-dom/cjs/react-dom.development.js:26599:12)
    at workLoopSync (/home/gabrielbraz/hackerrank/f34274df-52bb-497e-a9f5-c4efc4649024/node_modules/react-dom/cjs/react-dom.development.js:26505:5)
    at renderRootSync (/home/gabrielbraz/hackerrank/f34274df-52bb-497e-a9f5-c4efc4649024/node_modules/react-dom/cjs/react-dom.development.js:26473:7)
    at recoverFromConcurrentError (/home/gabrielbraz/hackerrank/f34274df-52bb-497e-a9f5-c4efc4649024/node_modules/react-dom/cjs/react-dom.development.js:25889:20)
    at performConcurrentWorkOnRoot (/home/gabrielbraz/hackerrank/f34274df-52bb-497e-a9f5-c4efc4649024/node_modules/react-dom/cjs/react-dom.development.js:25789:22)
    at flushActQueue (/home/gabrielbraz/hackerrank/f34274df-52bb-497e-a9f5-c4efc4649024/node_modules/react/cjs/react.development.js:2667:24)
    at act (/home/gabrielbraz/hackerrank/f34274df-52bb-497e-a9f5-c4efc4649024/node_modules/react/cjs/react.development.js:2582:11)
    at /home/gabrielbraz/hackerrank/f34274df-52bb-497e-a9f5-c4efc4649024/node_modules/@testing-library/react/dist/act-compat.js:47:25
    at renderRoot (/home/gabrielbraz/hackerrank/f34274df-52bb-497e-a9f5-c4efc4649024/node_modules/@testing-library/react/dist/pure.js:180:26)
    at render (/home/gabrielbraz/hackerrank/f34274df-52bb-497e-a9f5-c4efc4649024/node_modules/@testing-library/react/dist/pure.js:271:10)
    at Object.&lt;anonymous&gt; (/home/gabrielbraz/hackerrank/f34274df-52bb-497e-a9f5-c4efc4649024/src/App.test.js:144:15)
    at Promise.then.completed (/home/gabrielbraz/hackerrank/f34274df-52bb-497e-a9f5-c4efc4649024/node_modules/jest-circus/build/utils.js:391:28)
    at new Promise (&lt;anonymous&gt;)
    at callAsyncCircusFn (/home/gabrielbraz/hackerrank/f34274df-52bb-497e-a9f5-c4efc4649024/node_modules/jest-circus/build/utils.js:316:10)
    at _callCircusTest (/home/gabrielbraz/hackerrank/f34274df-52bb-497e-a9f5-c4efc4649024/node_modules/jest-circus/build/run.js:218:40)
    at processTicksAndRejections (node:internal/process/task_queues:95:5)
    at _runTest (/home/gabrielbraz/hackerrank/f34274df-52bb-497e-a9f5-c4efc4649024/node_modules/jest-circus/build/run.js:155:3)
    at _runTestsForDescribeBlock (/home/gabrielbraz/hackerrank/f34274df-52bb-497e-a9f5-c4efc4649024/node_modules/jest-circus/build/run.js:66:9)
    at _runTestsForDescribeBlock (/home/gabrielbraz/hackerrank/f34274df-52bb-497e-a9f5-c4efc4649024/node_modules/jest-circus/build/run.js:60:9)
    at run (/home/gabrielbraz/hackerrank/f34274df-52bb-497e-a9f5-c4efc4649024/node_modules/jest-circus/build/run.js:25:3)
    at runAndTransformResultsToJestFormat (/home/gabrielbraz/hackerrank/f34274df-52bb-497e-a9f5-c4efc4649024/node_modules/jest-circus/build/legacy-code-todo-rewrite/jestAdapterInit.js:170:21)
    at jestAdapter (/home/gabrielbraz/hackerrank/f34274df-52bb-497e-a9f5-c4efc4649024/node_modules/jest-circus/build/legacy-code-todo-rewrite/jestAdapter.js:82:19)
    at runTestInternal (/home/gabrielbraz/hackerrank/f34274df-52bb-497e-a9f5-c4efc4649024/node_modules/jest-runner/build/runTest.js:389:16)
    at runTest (/home/gabrielbraz/hackerrank/f34274df-52bb-497e-a9f5-c4efc4649024/node_modules/jest-runner/build/runTest.js:475:34)
    at TestRunner.runTests (/home/gabrielbraz/hackerrank/f34274df-52bb-497e-a9f5-c4efc4649024/node_modules/jest-runner/build/index.js:101:12)
    at TestScheduler.scheduleTests (/home/gabrielbraz/hackerrank/f34274df-52bb-497e-a9f5-c4efc4649024/node_modules/@jest/core/build/TestScheduler.js:333:13)
    at runJest (/home/gabrielbraz/hackerrank/f34274df-52bb-497e-a9f5-c4efc4649024/node_modules/@jest/core/build/runJest.js:404:19)
    at _run10000 (/home/gabrielbraz/hackerrank/f34274df-52bb-497e-a9f5-c4efc4649024/node_modules/@jest/core/build/cli/index.js:320:7)
    at runCLI (/home/gabrielbraz/hackerrank/f34274df-52bb-497e-a9f5-c4efc4649024/node_modules/@jest/core/build/cli/index.js:173:3)
    at Object.run (/home/gabrielbraz/hackerrank/f34274df-52bb-497e-a9f5-c4efc4649024/node_modules/jest-cli/build/cli/index.js:155:37)</failure>
    </testcase>
    <testcase classname="HackerMart Component renders Cart page when &apos;/cart&apos; route is clicked" name="HackerMart Component renders Cart page when &apos;/cart&apos; route is clicked" time="0.022">
    </testcase>
    <testcase classname="HackerMart Component adds a product to the cart when the add to cart button is clicked on the Home page" name="HackerMart Component adds a product to the cart when the add to cart button is clicked on the Home page" time="0.038">
      <failure>TypeError: Cannot read properties of undefined (reading &apos;map&apos;)
    at Home (/home/gabrielbraz/hackerrank/f34274df-52bb-497e-a9f5-c4efc4649024/src/components/Home/index.js:39:43)
    at renderWithHooks (/home/gabrielbraz/hackerrank/f34274df-52bb-497e-a9f5-c4efc4649024/node_modules/react-dom/cjs/react-dom.development.js:15486:18)
    at mountIndeterminateComponent (/home/gabrielbraz/hackerrank/f34274df-52bb-497e-a9f5-c4efc4649024/node_modules/react-dom/cjs/react-dom.development.js:20103:13)
    at beginWork (/home/gabrielbraz/hackerrank/f34274df-52bb-497e-a9f5-c4efc4649024/node_modules/react-dom/cjs/react-dom.development.js:21626:16)
    at beginWork$1 (/home/gabrielbraz/hackerrank/f34274df-52bb-497e-a9f5-c4efc4649024/node_modules/react-dom/cjs/react-dom.development.js:27465:14)
    at performUnitOfWork (/home/gabrielbraz/hackerrank/f34274df-52bb-497e-a9f5-c4efc4649024/node_modules/react-dom/cjs/react-dom.development.js:26599:12)
    at workLoopSync (/home/gabrielbraz/hackerrank/f34274df-52bb-497e-a9f5-c4efc4649024/node_modules/react-dom/cjs/react-dom.development.js:26505:5)
    at renderRootSync (/home/gabrielbraz/hackerrank/f34274df-52bb-497e-a9f5-c4efc4649024/node_modules/react-dom/cjs/react-dom.development.js:26473:7)
    at recoverFromConcurrentError (/home/gabrielbraz/hackerrank/f34274df-52bb-497e-a9f5-c4efc4649024/node_modules/react-dom/cjs/react-dom.development.js:25889:20)
    at performConcurrentWorkOnRoot (/home/gabrielbraz/hackerrank/f34274df-52bb-497e-a9f5-c4efc4649024/node_modules/react-dom/cjs/react-dom.development.js:25789:22)
    at flushActQueue (/home/gabrielbraz/hackerrank/f34274df-52bb-497e-a9f5-c4efc4649024/node_modules/react/cjs/react.development.js:2667:24)
    at act (/home/gabrielbraz/hackerrank/f34274df-52bb-497e-a9f5-c4efc4649024/node_modules/react/cjs/react.development.js:2582:11)
    at /home/gabrielbraz/hackerrank/f34274df-52bb-497e-a9f5-c4efc4649024/node_modules/@testing-library/react/dist/act-compat.js:47:25
    at renderRoot (/home/gabrielbraz/hackerrank/f34274df-52bb-497e-a9f5-c4efc4649024/node_modules/@testing-library/react/dist/pure.js:180:26)
    at render (/home/gabrielbraz/hackerrank/f34274df-52bb-497e-a9f5-c4efc4649024/node_modules/@testing-library/react/dist/pure.js:271:10)
    at Object.&lt;anonymous&gt; (/home/gabrielbraz/hackerrank/f34274df-52bb-497e-a9f5-c4efc4649024/src/App.test.js:175:15)
    at Promise.then.completed (/home/gabrielbraz/hackerrank/f34274df-52bb-497e-a9f5-c4efc4649024/node_modules/jest-circus/build/utils.js:391:28)
    at new Promise (&lt;anonymous&gt;)
    at callAsyncCircusFn (/home/gabrielbraz/hackerrank/f34274df-52bb-497e-a9f5-c4efc4649024/node_modules/jest-circus/build/utils.js:316:10)
    at _callCircusTest (/home/gabrielbraz/hackerrank/f34274df-52bb-497e-a9f5-c4efc4649024/node_modules/jest-circus/build/run.js:218:40)
    at processTicksAndRejections (node:internal/process/task_queues:95:5)
    at _runTest (/home/gabrielbraz/hackerrank/f34274df-52bb-497e-a9f5-c4efc4649024/node_modules/jest-circus/build/run.js:155:3)
    at _runTestsForDescribeBlock (/home/gabrielbraz/hackerrank/f34274df-52bb-497e-a9f5-c4efc4649024/node_modules/jest-circus/build/run.js:66:9)
    at _runTestsForDescribeBlock (/home/gabrielbraz/hackerrank/f34274df-52bb-497e-a9f5-c4efc4649024/node_modules/jest-circus/build/run.js:60:9)
    at run (/home/gabrielbraz/hackerrank/f34274df-52bb-497e-a9f5-c4efc4649024/node_modules/jest-circus/build/run.js:25:3)
    at runAndTransformResultsToJestFormat (/home/gabrielbraz/hackerrank/f34274df-52bb-497e-a9f5-c4efc4649024/node_modules/jest-circus/build/legacy-code-todo-rewrite/jestAdapterInit.js:170:21)
    at jestAdapter (/home/gabrielbraz/hackerrank/f34274df-52bb-497e-a9f5-c4efc4649024/node_modules/jest-circus/build/legacy-code-todo-rewrite/jestAdapter.js:82:19)
    at runTestInternal (/home/gabrielbraz/hackerrank/f34274df-52bb-497e-a9f5-c4efc4649024/node_modules/jest-runner/build/runTest.js:389:16)
    at runTest (/home/gabrielbraz/hackerrank/f34274df-52bb-497e-a9f5-c4efc4649024/node_modules/jest-runner/build/runTest.js:475:34)
    at TestRunner.runTests (/home/gabrielbraz/hackerrank/f34274df-52bb-497e-a9f5-c4efc4649024/node_modules/jest-runner/build/index.js:101:12)
    at TestScheduler.scheduleTests (/home/gabrielbraz/hackerrank/f34274df-52bb-497e-a9f5-c4efc4649024/node_modules/@jest/core/build/TestScheduler.js:333:13)
    at runJest (/home/gabrielbraz/hackerrank/f34274df-52bb-497e-a9f5-c4efc4649024/node_modules/@jest/core/build/runJest.js:404:19)
    at _run10000 (/home/gabrielbraz/hackerrank/f34274df-52bb-497e-a9f5-c4efc4649024/node_modules/@jest/core/build/cli/index.js:320:7)
    at runCLI (/home/gabrielbraz/hackerrank/f34274df-52bb-497e-a9f5-c4efc4649024/node_modules/@jest/core/build/cli/index.js:173:3)
    at Object.run (/home/gabrielbraz/hackerrank/f34274df-52bb-497e-a9f5-c4efc4649024/node_modules/jest-cli/build/cli/index.js:155:37)</failure>
    </testcase>
    <testcase classname="HackerMart Component removes a product from the cart when the remove from cart button is clicked on the Cart page" name="HackerMart Component removes a product from the cart when the remove from cart button is clicked on the Cart page" time="0.028">
    </testcase>
  </testsuite>
</testsuites>